<?xml version="1.0" encoding="UTF-8"?>
<testng-results ignored="0" total="1" passed="1" failed="0" skipped="0">
  <reporter-output>
  </reporter-output>
  <suite started-at="2023-06-09T15:26:52 IST" name="Default suite" finished-at="2023-06-09T15:27:53 IST" duration-ms="60334">
    <groups>
    </groups>
    <test started-at="2023-06-09T15:26:52 IST" name="Default test" finished-at="2023-06-09T15:27:53 IST" duration-ms="60334">
      <class name="com.myntraProjectUpdate.App">
        <test-method is-config="true" signature="setup()[pri:0, instance:com.myntraProjectUpdate.App@54bff557]" started-at="2023-06-09T15:26:52 IST" name="setup" finished-at="2023-06-09T15:27:02 IST" duration-ms="9561" status="PASS">
          <reporter-output>
          </reporter-output>
        </test-method> <!-- setup -->
        <test-method signature="search()[pri:0, instance:com.myntraProjectUpdate.App@54bff557]" started-at="2023-06-09T15:27:02 IST" name="search" finished-at="2023-06-09T15:27:52 IST" duration-ms="50072" status="PASS">
          <reporter-output>
          </reporter-output>
        </test-method> <!-- search -->
        <test-method is-config="true" signature="tearDown()[pri:0, instance:com.myntraProjectUpdate.App@54bff557]" started-at="2023-06-09T15:27:52 IST" name="tearDown" finished-at="2023-06-09T15:27:53 IST" duration-ms="639" status="PASS">
          <reporter-output>
          </reporter-output>
        </test-method> <!-- tearDown -->
      </class> <!-- com.myntraProjectUpdate.App -->
    </test> <!-- Default test -->
  </suite> <!-- Default suite -->
</testng-results>
